<?xml version="1.0" encoding="UTF-8"?>
<!-- Generated by org.testng.reporters.JUnitReportReporter -->
<testsuite hostname="DESKTOP-KQV1UM2" failures="0" tests="1" name="com.crm.DemoWebShop.DWSwelcome" time="36.265" errors="0" timestamp="2024-05-30T00:56:46 IST" skipped="0">
  <testcase classname="com.crm.DemoWebShop.DWSwelcome" name="welcom" time="36.265"/>
  <system-out/>
</testsuite> <!-- com.crm.DemoWebShop.DWSwelcome -->
