<?xml version="1.0" encoding="UTF-8"?>
<!-- Generated by org.testng.reporters.JUnitReportReporter -->
<testsuite hostname="DESKTOP-KQV1UM2" failures="0" tests="1" name="com.crm.DemoWebShop.Register_text" time="19.583" errors="0" timestamp="2024-05-30T00:56:46 IST" skipped="0">
  <testcase classname="com.crm.DemoWebShop.Register_text" name="register" time="19.583"/>
  <system-out/>
</testsuite> <!-- com.crm.DemoWebShop.Register_text -->
